[ 2015-11-25T10:51:24+08:00 ] 127.0.0.1 /p?c1=1&c2=6036207&c3=23&c4=1&c5=&c6=&c10=&c11=705F87A0D9FA97580BD8663A4E6D22A31AA27700&c7=http%3A//news.qq.com/a/20151125/024665.htm%3Fqq%3D0%26pt_src%3D3%26ADUIN%3D531656633%26ADSESSION%3D1448414957%26ADTAG%3DCLIENT.QQ.5449_.0%26ADPUBNO%3D26525&c8=%u4FC4%u7F57%u65AF%u6551%u63F4%u76F4%u5347%u673A%u88AB%u7F8E%u5236%u53CD%u5766%u514B%u5BFC%u5F39%u51FB%u6BC1_%u65B0%u95FB_%u817E%u8BAF%u7F51&c9=&rn=0.4549385281279683&cv=2.0
INFO: [ app_init ] --START--
INFO: Run Behavior\BuildLiteBehavior [ RunTime:0.000017s ]
INFO: [ app_init ] --END-- [ RunTime:0.000691s ]
ERR: 无法加载模块:P

[ 2015-11-25T16:43:10+08:00 ] 127.0.0.1 /p?c1=1&c2=6036207&c3=23&c4=1&c5=&c6=&c10=&c11=705F87A0D9FA97580BD8663A4E6D22A31AA27700&c7=http%3A//bj.jjj.qq.com/a/20151125/044114.htm%3Fqq%3D0%26pt_src%3D3%26ADUIN%3D531656633%26ADSESSION%3D1448431391%26ADTAG%3DCLIENT.QQ.5449_.0%26ADPUBNO%3D26525&c8=%u4E2D%u56FD%u6700%u5BB9%u6613%u8D5A%u94B1%u57CE%u5E02%u6392%u884C%u699C%u5317%u4EAC%u5C45%u9996_%u5927%u71D5%u7F51%u5317%u4EAC%u7AD9_%u817E%u8BAF%u7F51&c9=&rn=0.6440887777134776&cv=2.0
INFO: [ app_init ] --START--
INFO: Run Behavior\BuildLiteBehavior [ RunTime:0.000019s ]
INFO: [ app_init ] --END-- [ RunTime:0.000662s ]
ERR: 无法加载模块:P

[ 2015-11-25T17:03:24+08:00 ] 127.0.0.1 /b?c1=1&c2=8640631&c3=14200417&c4=32910133&c5=&c6=100
INFO: [ app_init ] --START--
INFO: Run Behavior\BuildLiteBehavior [ RunTime:0.000019s ]
INFO: [ app_init ] --END-- [ RunTime:0.000658s ]
ERR: 无法加载模块:B

[ 2015-11-25T19:09:07+08:00 ] 127.0.0.1 /b?c1=2&c2=6036207&comscorekw=2&c10=5705111176&ns__t=1448449747669&ns_c=UTF-8&c8=%E6%9D%83%E5%8A%9B%E7%9A%84%E6%B8%B8%E6%88%8F%E7%AC%AC%E4%B8%89%E5%AD%A3%20%E7%AC%AC05%E9%9B%86%20-%20%E9%AB%98%E6%B8%85%E5%9C%A8%E7%BA%BF%E8%A7%82%E7%9C%8B%20-%20%E8%85%BE%E8%AE%AF%E8%A7%86%E9%A2%91&c7=http%3A%2F%2Fv.qq.com%2Fcover%2Fs%2Fsxdpww9hfymrtua.html%3Fvid%3Dn0015aifu1q%26ptag%3Dbaidu_aladdin.tv&c9=http%3A%2F%2Fv.qq.com%2Fpage%2Fn%2F1%2Fq%2Fn0015aifu1q.html%3Fptag%3Dbaidu_aladdin.tv
INFO: [ app_init ] --START--
INFO: Run Behavior\BuildLiteBehavior [ RunTime:0.000018s ]
INFO: [ app_init ] --END-- [ RunTime:0.000587s ]
ERR: 无法加载模块:B

[ 2015-11-25T19:09:14+08:00 ] 127.0.0.1 /p?c1=1&c2=6036207&c3=2&c4=0&c5=&c6=&c10=&c11=71CA25C5DC80D57C9545701BB3023ED24BBAE3DC&c7=http%3A//v.qq.com/cover/s/sxdpww9hfymrtua.html%3Fvid%3Dn0015aifu1q%26ptag%3Dbaidu_aladdin.tv&c8=%u6743%u529B%u7684%u6E38%u620F%u7B2C%u4E09%u5B63%20%u7B2C05%u96C6%20-%20%u9AD8%u6E05%u5728%u7EBF%u89C2%u770B%20-%20%u817E%u8BAF%u89C6%u9891&c9=http%3A//v.qq.com/page/n/1/q/n0015aifu1q.html%3Fptag%3Dbaidu_aladdin.tv&rn=0.6126708299852908&cv=2.0
INFO: [ app_init ] --START--
INFO: Run Behavior\BuildLiteBehavior [ RunTime:0.000017s ]
INFO: [ app_init ] --END-- [ RunTime:0.000495s ]
ERR: 无法加载模块:P

[ 2015-11-25T19:10:00+08:00 ] 127.0.0.1 /b?c1=2&c2=6036207&comscorekw=2&c10=5705111176&ns__t=1448449800641&ns_c=UTF-8&c8=%E6%9D%83%E5%8A%9B%E7%9A%84%E6%B8%B8%E6%88%8F%E7%AC%AC%E4%B8%89%E5%AD%A3%20%E7%AC%AC07%E9%9B%86%20-%20%E9%AB%98%E6%B8%85%E5%9C%A8%E7%BA%BF%E8%A7%82%E7%9C%8B%20-%20%E8%85%BE%E8%AE%AF%E8%A7%86%E9%A2%91&c7=http%3A%2F%2Fv.qq.com%2Fcover%2Fs%2Fsxdpww9hfymrtua.html%3Fvid%3Dn0015aifu1q%26ptag%3Dbaidu_aladdin.tv&c9=http%3A%2F%2Fv.qq.com%2Fpage%2Fn%2F1%2Fq%2Fn0015aifu1q.html%3Fptag%3Dbaidu_aladdin.tv
INFO: [ app_init ] --START--
INFO: Run Behavior\BuildLiteBehavior [ RunTime:0.000017s ]
INFO: [ app_init ] --END-- [ RunTime:0.000635s ]
ERR: 无法加载模块:B

[ 2015-11-25T19:10:05+08:00 ] 127.0.0.1 /p?c1=1&c2=6036207&c3=2&c4=0&c5=&c6=&c10=&c11=71CA25C5DC80D57C9545701BB3023ED24BBAE3DC&c7=http%3A//v.qq.com/cover/s/sxdpww9hfymrtua.html%3Fvid%3Dn0015aifu1q%26ptag%3Dbaidu_aladdin.tv&c8=%u6743%u529B%u7684%u6E38%u620F%u7B2C%u4E09%u5B63%20%u7B2C07%u96C6%20-%20%u9AD8%u6E05%u5728%u7EBF%u89C2%u770B%20-%20%u817E%u8BAF%u89C6%u9891&c9=http%3A//v.qq.com/page/n/1/q/n0015aifu1q.html%3Fptag%3Dbaidu_aladdin.tv&rn=0.6980438684113324&cv=2.0
INFO: [ app_init ] --START--
INFO: Run Behavior\BuildLiteBehavior [ RunTime:0.000015s ]
INFO: [ app_init ] --END-- [ RunTime:0.000486s ]
ERR: 无法加载模块:P

[ 2015-11-25T19:10:45+08:00 ] 127.0.0.1 /b?c1=2&c2=6036207&comscorekw=2&c10=5705111176&ns__t=1448449845217&ns_c=UTF-8&c8=%E6%9D%83%E5%8A%9B%E7%9A%84%E6%B8%B8%E6%88%8F%E7%AC%AC%E4%B8%89%E5%AD%A3%20%E7%AC%AC06%E9%9B%86%20-%20%E9%AB%98%E6%B8%85%E5%9C%A8%E7%BA%BF%E8%A7%82%E7%9C%8B%20-%20%E8%85%BE%E8%AE%AF%E8%A7%86%E9%A2%91&c7=http%3A%2F%2Fv.qq.com%2Fcover%2Fs%2Fsxdpww9hfymrtua.html%3Fvid%3Dn0015aifu1q%26ptag%3Dbaidu_aladdin.tv&c9=http%3A%2F%2Fv.qq.com%2Fpage%2Fn%2F1%2Fq%2Fn0015aifu1q.html%3Fptag%3Dbaidu_aladdin.tv
INFO: [ app_init ] --START--
INFO: Run Behavior\BuildLiteBehavior [ RunTime:0.000018s ]
INFO: [ app_init ] --END-- [ RunTime:0.000556s ]
ERR: 无法加载模块:B

[ 2015-11-25T19:10:50+08:00 ] 127.0.0.1 /p?c1=1&c2=6036207&c3=2&c4=0&c5=&c6=&c10=&c11=71CA25C5DC80D57C9545701BB3023ED24BBAE3DC&c7=http%3A//v.qq.com/cover/s/sxdpww9hfymrtua.html%3Fvid%3Dn0015aifu1q%26ptag%3Dbaidu_aladdin.tv&c8=%u6743%u529B%u7684%u6E38%u620F%u7B2C%u4E09%u5B63%20%u7B2C06%u96C6%20-%20%u9AD8%u6E05%u5728%u7EBF%u89C2%u770B%20-%20%u817E%u8BAF%u89C6%u9891&c9=http%3A//v.qq.com/page/n/1/q/n0015aifu1q.html%3Fptag%3Dbaidu_aladdin.tv&rn=0.5329839084297419&cv=2.0
INFO: [ app_init ] --START--
INFO: Run Behavior\BuildLiteBehavior [ RunTime:0.000018s ]
INFO: [ app_init ] --END-- [ RunTime:0.000617s ]
ERR: 无法加载模块:P

[ 2015-11-25T19:11:43+08:00 ] 127.0.0.1 /b?c1=2&c2=6036207&comscorekw=2&c10=5705111176&ns__t=1448449903693&ns_c=UTF-8&c8=%E6%9D%83%E5%8A%9B%E7%9A%84%E6%B8%B8%E6%88%8F%E7%AC%AC%E4%B8%89%E5%AD%A3%20%E7%AC%AC07%E9%9B%86%20-%20%E9%AB%98%E6%B8%85%E5%9C%A8%E7%BA%BF%E8%A7%82%E7%9C%8B%20-%20%E8%85%BE%E8%AE%AF%E8%A7%86%E9%A2%91&c7=http%3A%2F%2Fv.qq.com%2Fcover%2Fs%2Fsxdpww9hfymrtua.html%3Fvid%3Dn0015aifu1q%26ptag%3Dbaidu_aladdin.tv&c9=http%3A%2F%2Fv.qq.com%2Fpage%2Fn%2F1%2Fq%2Fn0015aifu1q.html%3Fptag%3Dbaidu_aladdin.tv
INFO: [ app_init ] --START--
INFO: Run Behavior\BuildLiteBehavior [ RunTime:0.000018s ]
INFO: [ app_init ] --END-- [ RunTime:0.000764s ]
ERR: 无法加载模块:B

[ 2015-11-25T19:11:49+08:00 ] 127.0.0.1 /p?c1=1&c2=6036207&c3=2&c4=0&c5=&c6=&c10=&c11=71CA25C5DC80D57C9545701BB3023ED24BBAE3DC&c7=http%3A//v.qq.com/cover/s/sxdpww9hfymrtua.html%3Fvid%3Dn0015aifu1q%26ptag%3Dbaidu_aladdin.tv&c8=%u6743%u529B%u7684%u6E38%u620F%u7B2C%u4E09%u5B63%20%u7B2C07%u96C6%20-%20%u9AD8%u6E05%u5728%u7EBF%u89C2%u770B%20-%20%u817E%u8BAF%u89C6%u9891&c9=http%3A//v.qq.com/page/n/1/q/n0015aifu1q.html%3Fptag%3Dbaidu_aladdin.tv&rn=0.254371615126729&cv=2.0
INFO: [ app_init ] --START--
INFO: Run Behavior\BuildLiteBehavior [ RunTime:0.000026s ]
INFO: [ app_init ] --END-- [ RunTime:0.000554s ]
ERR: 无法加载模块:P

