[ 2015-12-02T10:49:41+08:00 ] 127.0.0.1 /admin
INFO: [ app_init ] --START--
INFO: Run Behavior\BuildLiteBehavior [ RunTime:0.000020s ]
INFO: [ app_init ] --END-- [ RunTime:0.001381s ]
INFO: [ app_begin ] --START--
INFO: Run Behavior\ReadHtmlCacheBehavior [ RunTime:0.001667s ]
INFO: [ app_begin ] --END-- [ RunTime:0.001744s ]
INFO: [ view_parse ] --START--
NOTIC: [8] Undefined index: navSelectNo D:\WWW\setphp\Application\Runtime\Cache\3cc56294fa921d59d313d7e4a05194cfbe1f4251.file.header.html.php 第 38 行.
NOTIC: [8] Trying to get property of non-object D:\WWW\setphp\Application\Runtime\Cache\3cc56294fa921d59d313d7e4a05194cfbe1f4251.file.header.html.php 第 38 行.
NOTIC: [8] Undefined index: postcatenow D:\WWW\setphp\Application\Runtime\Cache\f2bc43727fefbd094e1883db5c040cc79808e622.file.nav.html.php 第 35 行.
NOTIC: [8] Trying to get property of non-object D:\WWW\setphp\Application\Runtime\Cache\f2bc43727fefbd094e1883db5c040cc79808e622.file.nav.html.php 第 35 行.
INFO: Run Behavior\ParseTemplateBehavior [ RunTime:0.073431s ]
INFO: [ view_parse ] --END-- [ RunTime:0.073506s ]
INFO: [ view_filter ] --START--
INFO: Run Behavior\WriteHtmlCacheBehavior [ RunTime:0.001221s ]
INFO: [ view_filter ] --END-- [ RunTime:0.001277s ]
INFO: [ app_end ] --START--
INFO: Run Behavior\ShowPageTraceBehavior [ RunTime:0.001377s ]
INFO: [ app_end ] --END-- [ RunTime:0.001433s ]

[ 2015-12-02T10:49:46+08:00 ] 127.0.0.1 /Admin/Index/set
INFO: [ app_init ] --START--
INFO: Run Behavior\BuildLiteBehavior [ RunTime:0.000016s ]
INFO: [ app_init ] --END-- [ RunTime:0.000580s ]
INFO: [ app_begin ] --START--
INFO: Run Behavior\ReadHtmlCacheBehavior [ RunTime:0.000678s ]
INFO: [ app_begin ] --END-- [ RunTime:0.000743s ]
SQL: SHOW COLUMNS FROM `set_options` [ RunTime:0.0527s ]
SQL: SELECT * FROM `set_options`  [ RunTime:0.0003s ]
INFO: [ view_parse ] --START--
NOTIC: [8] Undefined index: postcatenow D:\WWW\setphp\Application\Runtime\Cache\f2bc43727fefbd094e1883db5c040cc79808e622.file.nav.html.php 第 35 行.
NOTIC: [8] Trying to get property of non-object D:\WWW\setphp\Application\Runtime\Cache\f2bc43727fefbd094e1883db5c040cc79808e622.file.nav.html.php 第 35 行.
INFO: Run Behavior\ParseTemplateBehavior [ RunTime:0.037216s ]
INFO: [ view_parse ] --END-- [ RunTime:0.037288s ]
INFO: [ view_filter ] --START--
INFO: Run Behavior\WriteHtmlCacheBehavior [ RunTime:0.000466s ]
INFO: [ view_filter ] --END-- [ RunTime:0.000515s ]
INFO: [ app_end ] --START--
INFO: Run Behavior\ShowPageTraceBehavior [ RunTime:0.000633s ]
INFO: [ app_end ] --END-- [ RunTime:0.000685s ]

[ 2015-12-02T11:05:08+08:00 ] 127.0.0.1 /Admin/Index/postall
INFO: [ app_init ] --START--
INFO: Run Behavior\BuildLiteBehavior [ RunTime:0.000018s ]
INFO: [ app_init ] --END-- [ RunTime:0.000691s ]
INFO: [ app_begin ] --START--
INFO: Run Behavior\ReadHtmlCacheBehavior [ RunTime:0.000700s ]
INFO: [ app_begin ] --END-- [ RunTime:0.000761s ]
SQL: SHOW COLUMNS FROM `set_postcate` [ RunTime:0.0767s ]
SQL: SHOW COLUMNS FROM `set_posts` [ RunTime:0.0590s ]
SQL: SELECT COUNT(*) AS tp_count FROM `set_posts` WHERE `empty` = 0 LIMIT 1   [ RunTime:0.0004s ]
SQL: SELECT * FROM `set_posts` WHERE `empty` = 0 ORDER BY id desc LIMIT 0,5   [ RunTime:0.0004s ]
SQL: SELECT * FROM `set_postcate` WHERE `id` = 2 LIMIT 1   [ RunTime:0.0003s ]
SQL: SELECT * FROM `set_postcate` WHERE `id` = 2 LIMIT 1   [ RunTime:0.0002s ]
SQL: SELECT * FROM `set_postcate` WHERE `id` = 1 LIMIT 1   [ RunTime:0.0002s ]
SQL: SELECT * FROM `set_postcate` WHERE `id` = 1 LIMIT 1   [ RunTime:0.0002s ]
SQL: SELECT * FROM `set_postcate` WHERE `id` = 1 LIMIT 1   [ RunTime:0.0002s ]
SQL: SELECT * FROM `set_postcate` ORDER BY sort asc  [ RunTime:0.0002s ]
INFO: [ view_parse ] --START--
NOTIC: [8] Undefined index: postcatenow D:\WWW\setphp\Application\Runtime\Cache\f2bc43727fefbd094e1883db5c040cc79808e622.file.nav.html.php 第 35 行.
NOTIC: [8] Trying to get property of non-object D:\WWW\setphp\Application\Runtime\Cache\f2bc43727fefbd094e1883db5c040cc79808e622.file.nav.html.php 第 35 行.
NOTIC: [8] Undefined index: postcatenow D:\WWW\setphp\Application\Runtime\Cache\22531f2ee997d35d5028b4cbad2a6f7440e4f831.file.postall.html.php 第 50 行.
NOTIC: [8] Trying to get property of non-object D:\WWW\setphp\Application\Runtime\Cache\22531f2ee997d35d5028b4cbad2a6f7440e4f831.file.postall.html.php 第 50 行.
NOTIC: [8] Undefined index: pid D:\WWW\setphp\Application\Runtime\Cache\22531f2ee997d35d5028b4cbad2a6f7440e4f831.file.postall.html.php 第 101 行.
NOTIC: [8] Undefined index: pid D:\WWW\setphp\Application\Runtime\Cache\22531f2ee997d35d5028b4cbad2a6f7440e4f831.file.postall.html.php 第 101 行.
NOTIC: [8] Undefined index: pid D:\WWW\setphp\Application\Runtime\Cache\22531f2ee997d35d5028b4cbad2a6f7440e4f831.file.postall.html.php 第 101 行.
NOTIC: [8] Undefined index: pid D:\WWW\setphp\Application\Runtime\Cache\22531f2ee997d35d5028b4cbad2a6f7440e4f831.file.postall.html.php 第 101 行.
NOTIC: [8] Undefined index: pid D:\WWW\setphp\Application\Runtime\Cache\22531f2ee997d35d5028b4cbad2a6f7440e4f831.file.postall.html.php 第 101 行.
INFO: Run Behavior\ParseTemplateBehavior [ RunTime:0.027111s ]
INFO: [ view_parse ] --END-- [ RunTime:0.027182s ]
INFO: [ view_filter ] --START--
INFO: Run Behavior\WriteHtmlCacheBehavior [ RunTime:0.000596s ]
INFO: [ view_filter ] --END-- [ RunTime:0.000652s ]
INFO: [ app_end ] --START--
INFO: Run Behavior\ShowPageTraceBehavior [ RunTime:0.000755s ]
INFO: [ app_end ] --END-- [ RunTime:0.000811s ]

[ 2015-12-02T11:05:11+08:00 ] 127.0.0.1 /Admin/Index/postadd
INFO: [ app_init ] --START--
INFO: Run Behavior\BuildLiteBehavior [ RunTime:0.000018s ]
INFO: [ app_init ] --END-- [ RunTime:0.000614s ]
INFO: [ app_begin ] --START--
INFO: Run Behavior\ReadHtmlCacheBehavior [ RunTime:0.000742s ]
INFO: [ app_begin ] --END-- [ RunTime:0.000813s ]
SQL: SHOW COLUMNS FROM `set_postcate` [ RunTime:0.0114s ]
SQL: SELECT * FROM `set_postcate` ORDER BY sort asc  [ RunTime:0.0006s ]
INFO: [ view_parse ] --START--
NOTIC: [2] filemtime() [<a href='function.filemtime'>function.filemtime</a>]: stat failed for ./Application/Runtime/Cache\0cf8a692dce51661a585201180a5ddb5966c85aa.file.postadd.html.php D:\WWW\setphp\ThinkPHP\Library\Vendor\Smarty\sysplugins\smarty_resource.php 第 683 行.
NOTIC: [2] unlink(./Application/Runtime/Cache\0cf8a692dce51661a585201180a5ddb5966c85aa.file.postadd.html.php) [<a href='function.unlink'>function.unlink</a>]: No such file or directory D:\WWW\setphp\ThinkPHP\Library\Vendor\Smarty\sysplugins\smarty_internal_write_file.php 第 49 行.
NOTIC: [8] Undefined index: postcatenow D:\WWW\setphp\Application\Runtime\Cache\f2bc43727fefbd094e1883db5c040cc79808e622.file.nav.html.php 第 35 行.
NOTIC: [8] Trying to get property of non-object D:\WWW\setphp\Application\Runtime\Cache\f2bc43727fefbd094e1883db5c040cc79808e622.file.nav.html.php 第 35 行.
NOTIC: [8] Undefined index: postcatenow D:\WWW\setphp\Application\Runtime\Cache\0cf8a692dce51661a585201180a5ddb5966c85aa.file.postadd.html.php 第 48 行.
NOTIC: [8] Trying to get property of non-object D:\WWW\setphp\Application\Runtime\Cache\0cf8a692dce51661a585201180a5ddb5966c85aa.file.postadd.html.php 第 48 行.
INFO: Run Behavior\ParseTemplateBehavior [ RunTime:0.154949s ]
INFO: [ view_parse ] --END-- [ RunTime:0.155026s ]
INFO: [ view_filter ] --START--
INFO: Run Behavior\WriteHtmlCacheBehavior [ RunTime:0.000787s ]
INFO: [ view_filter ] --END-- [ RunTime:0.000848s ]
INFO: [ app_end ] --START--
INFO: Run Behavior\ShowPageTraceBehavior [ RunTime:0.000753s ]
INFO: [ app_end ] --END-- [ RunTime:0.000808s ]

[ 2015-12-02T11:05:21+08:00 ] 127.0.0.1 /Admin/Index/postall
INFO: [ app_init ] --START--
INFO: Run Behavior\BuildLiteBehavior [ RunTime:0.000016s ]
INFO: [ app_init ] --END-- [ RunTime:0.000619s ]
INFO: [ app_begin ] --START--
INFO: Run Behavior\ReadHtmlCacheBehavior [ RunTime:0.000689s ]
INFO: [ app_begin ] --END-- [ RunTime:0.000751s ]
SQL: SHOW COLUMNS FROM `set_postcate` [ RunTime:0.0113s ]
SQL: SHOW COLUMNS FROM `set_posts` [ RunTime:0.0156s ]
SQL: SELECT COUNT(*) AS tp_count FROM `set_posts` WHERE `empty` = 0 LIMIT 1   [ RunTime:0.0003s ]
SQL: SELECT * FROM `set_posts` WHERE `empty` = 0 ORDER BY id desc LIMIT 0,5   [ RunTime:0.0004s ]
SQL: SELECT * FROM `set_postcate` WHERE `id` = 2 LIMIT 1   [ RunTime:0.0002s ]
SQL: SELECT * FROM `set_postcate` WHERE `id` = 2 LIMIT 1   [ RunTime:0.0002s ]
SQL: SELECT * FROM `set_postcate` WHERE `id` = 1 LIMIT 1   [ RunTime:0.0002s ]
SQL: SELECT * FROM `set_postcate` WHERE `id` = 1 LIMIT 1   [ RunTime:0.0002s ]
SQL: SELECT * FROM `set_postcate` WHERE `id` = 1 LIMIT 1   [ RunTime:0.0002s ]
SQL: SELECT * FROM `set_postcate` ORDER BY sort asc  [ RunTime:0.0002s ]
INFO: [ view_parse ] --START--
NOTIC: [8] Undefined index: postcatenow D:\WWW\setphp\Application\Runtime\Cache\f2bc43727fefbd094e1883db5c040cc79808e622.file.nav.html.php 第 35 行.
NOTIC: [8] Trying to get property of non-object D:\WWW\setphp\Application\Runtime\Cache\f2bc43727fefbd094e1883db5c040cc79808e622.file.nav.html.php 第 35 行.
NOTIC: [8] Undefined index: postcatenow D:\WWW\setphp\Application\Runtime\Cache\22531f2ee997d35d5028b4cbad2a6f7440e4f831.file.postall.html.php 第 50 行.
NOTIC: [8] Trying to get property of non-object D:\WWW\setphp\Application\Runtime\Cache\22531f2ee997d35d5028b4cbad2a6f7440e4f831.file.postall.html.php 第 50 行.
NOTIC: [8] Undefined index: pid D:\WWW\setphp\Application\Runtime\Cache\22531f2ee997d35d5028b4cbad2a6f7440e4f831.file.postall.html.php 第 101 行.
NOTIC: [8] Undefined index: pid D:\WWW\setphp\Application\Runtime\Cache\22531f2ee997d35d5028b4cbad2a6f7440e4f831.file.postall.html.php 第 101 行.
NOTIC: [8] Undefined index: pid D:\WWW\setphp\Application\Runtime\Cache\22531f2ee997d35d5028b4cbad2a6f7440e4f831.file.postall.html.php 第 101 行.
NOTIC: [8] Undefined index: pid D:\WWW\setphp\Application\Runtime\Cache\22531f2ee997d35d5028b4cbad2a6f7440e4f831.file.postall.html.php 第 101 行.
NOTIC: [8] Undefined index: pid D:\WWW\setphp\Application\Runtime\Cache\22531f2ee997d35d5028b4cbad2a6f7440e4f831.file.postall.html.php 第 101 行.
INFO: Run Behavior\ParseTemplateBehavior [ RunTime:0.013229s ]
INFO: [ view_parse ] --END-- [ RunTime:0.013293s ]
INFO: [ view_filter ] --START--
INFO: Run Behavior\WriteHtmlCacheBehavior [ RunTime:0.000457s ]
INFO: [ view_filter ] --END-- [ RunTime:0.000507s ]
INFO: [ app_end ] --START--
INFO: Run Behavior\ShowPageTraceBehavior [ RunTime:0.000637s ]
INFO: [ app_end ] --END-- [ RunTime:0.000692s ]

[ 2015-12-02T17:53:47+08:00 ] 127.0.0.1 /Admin/Index/postcate
INFO: [ app_init ] --START--
INFO: Run Behavior\BuildLiteBehavior [ RunTime:0.000018s ]
INFO: [ app_init ] --END-- [ RunTime:0.000680s ]
INFO: [ app_begin ] --START--
INFO: Run Behavior\ReadHtmlCacheBehavior [ RunTime:0.000792s ]
INFO: [ app_begin ] --END-- [ RunTime:0.000862s ]
SQL: SHOW COLUMNS FROM `set_postcate` [ RunTime:0.0309s ]
SQL: SELECT * FROM `set_postcate` ORDER BY sort asc  [ RunTime:0.0003s ]
INFO: [ view_parse ] --START--
NOTIC: [8] Undefined index: postcatenow D:\WWW\setphp\Application\Runtime\Cache\f2bc43727fefbd094e1883db5c040cc79808e622.file.nav.html.php 第 35 行.
NOTIC: [8] Trying to get property of non-object D:\WWW\setphp\Application\Runtime\Cache\f2bc43727fefbd094e1883db5c040cc79808e622.file.nav.html.php 第 35 行.
INFO: Run Behavior\ParseTemplateBehavior [ RunTime:0.033101s ]
INFO: [ view_parse ] --END-- [ RunTime:0.033177s ]
INFO: [ view_filter ] --START--
INFO: Run Behavior\WriteHtmlCacheBehavior [ RunTime:0.000529s ]
INFO: [ view_filter ] --END-- [ RunTime:0.000576s ]
INFO: [ app_end ] --START--
INFO: Run Behavior\ShowPageTraceBehavior [ RunTime:0.000726s ]
INFO: [ app_end ] --END-- [ RunTime:0.000788s ]

[ 2015-12-02T18:02:01+08:00 ] 127.0.0.1 /Admin/Index/menuli
INFO: [ app_init ] --START--
INFO: Run Behavior\BuildLiteBehavior [ RunTime:0.000016s ]
INFO: [ app_init ] --END-- [ RunTime:0.000655s ]
INFO: [ app_begin ] --START--
INFO: Run Behavior\ReadHtmlCacheBehavior [ RunTime:0.000700s ]
INFO: [ app_begin ] --END-- [ RunTime:0.000757s ]
SQL: SHOW COLUMNS FROM `set_menucate` [ RunTime:0.0511s ]
SQL: SHOW COLUMNS FROM `set_menu` [ RunTime:0.0208s ]
SQL: SELECT * FROM `set_menucate` WHERE `id` = 1 LIMIT 1   [ RunTime:0.0003s ]
SQL: SELECT * FROM `set_menucate` ORDER BY id desc  [ RunTime:0.0002s ]
SQL: SELECT * FROM `set_menu` WHERE `cid` = 1 ORDER BY sort asc  [ RunTime:0.0002s ]
SQL: SELECT * FROM `set_menucate` WHERE `id` = 1 LIMIT 1   [ RunTime:0.0002s ]
SQL: SELECT * FROM `set_menucate` WHERE `id` = 1 LIMIT 1   [ RunTime:0.0002s ]
INFO: [ view_parse ] --START--
NOTIC: [8] Undefined index: postcatenow D:\WWW\setphp\Application\Runtime\Cache\f2bc43727fefbd094e1883db5c040cc79808e622.file.nav.html.php 第 35 行.
NOTIC: [8] Trying to get property of non-object D:\WWW\setphp\Application\Runtime\Cache\f2bc43727fefbd094e1883db5c040cc79808e622.file.nav.html.php 第 35 行.
NOTIC: [8] Undefined index: cid D:\WWW\setphp\Application\Runtime\Cache\e53e96ad1d8f36becd4cea4f940caa679cc894b9.file.menuli.html.php 第 95 行.
NOTIC: [8] Undefined index: cid D:\WWW\setphp\Application\Runtime\Cache\e53e96ad1d8f36becd4cea4f940caa679cc894b9.file.menuli.html.php 第 132 行.
INFO: Run Behavior\ParseTemplateBehavior [ RunTime:0.035864s ]
INFO: [ view_parse ] --END-- [ RunTime:0.035927s ]
INFO: [ view_filter ] --START--
INFO: Run Behavior\WriteHtmlCacheBehavior [ RunTime:0.000511s ]
INFO: [ view_filter ] --END-- [ RunTime:0.000558s ]
INFO: [ app_end ] --START--
INFO: Run Behavior\ShowPageTraceBehavior [ RunTime:0.000675s ]
INFO: [ app_end ] --END-- [ RunTime:0.000724s ]

[ 2015-12-02T18:02:14+08:00 ] 127.0.0.1 /Admin/Index/set
INFO: [ app_init ] --START--
INFO: Run Behavior\BuildLiteBehavior [ RunTime:0.000018s ]
INFO: [ app_init ] --END-- [ RunTime:0.000577s ]
INFO: [ app_begin ] --START--
INFO: Run Behavior\ReadHtmlCacheBehavior [ RunTime:0.000719s ]
INFO: [ app_begin ] --END-- [ RunTime:0.000819s ]
SQL: SHOW COLUMNS FROM `set_options` [ RunTime:0.0205s ]
SQL: SELECT * FROM `set_options`  [ RunTime:0.0003s ]
INFO: [ view_parse ] --START--
NOTIC: [8] Undefined index: postcatenow D:\WWW\setphp\Application\Runtime\Cache\f2bc43727fefbd094e1883db5c040cc79808e622.file.nav.html.php 第 35 行.
NOTIC: [8] Trying to get property of non-object D:\WWW\setphp\Application\Runtime\Cache\f2bc43727fefbd094e1883db5c040cc79808e622.file.nav.html.php 第 35 行.
INFO: Run Behavior\ParseTemplateBehavior [ RunTime:0.012092s ]
INFO: [ view_parse ] --END-- [ RunTime:0.012163s ]
INFO: [ view_filter ] --START--
INFO: Run Behavior\WriteHtmlCacheBehavior [ RunTime:0.000466s ]
INFO: [ view_filter ] --END-- [ RunTime:0.000517s ]
INFO: [ app_end ] --START--
INFO: Run Behavior\ShowPageTraceBehavior [ RunTime:0.000653s ]
INFO: [ app_end ] --END-- [ RunTime:0.000704s ]

[ 2015-12-02T18:02:17+08:00 ] 127.0.0.1 /Admin/Index/postall
INFO: [ app_init ] --START--
INFO: Run Behavior\BuildLiteBehavior [ RunTime:0.000018s ]
INFO: [ app_init ] --END-- [ RunTime:0.000581s ]
INFO: [ app_begin ] --START--
INFO: Run Behavior\ReadHtmlCacheBehavior [ RunTime:0.000644s ]
INFO: [ app_begin ] --END-- [ RunTime:0.000704s ]
SQL: SHOW COLUMNS FROM `set_postcate` [ RunTime:0.0202s ]
SQL: SHOW COLUMNS FROM `set_posts` [ RunTime:0.0240s ]
SQL: SELECT COUNT(*) AS tp_count FROM `set_posts` WHERE `empty` = 0 LIMIT 1   [ RunTime:0.0003s ]
SQL: SELECT * FROM `set_posts` WHERE `empty` = 0 ORDER BY id desc LIMIT 0,5   [ RunTime:0.0004s ]
SQL: SELECT * FROM `set_postcate` WHERE `id` = 2 LIMIT 1   [ RunTime:0.0002s ]
SQL: SELECT * FROM `set_postcate` WHERE `id` = 2 LIMIT 1   [ RunTime:0.0002s ]
SQL: SELECT * FROM `set_postcate` WHERE `id` = 1 LIMIT 1   [ RunTime:0.0002s ]
SQL: SELECT * FROM `set_postcate` WHERE `id` = 1 LIMIT 1   [ RunTime:0.0002s ]
SQL: SELECT * FROM `set_postcate` WHERE `id` = 1 LIMIT 1   [ RunTime:0.0002s ]
SQL: SELECT * FROM `set_postcate` ORDER BY sort asc  [ RunTime:0.0002s ]
INFO: [ view_parse ] --START--
NOTIC: [8] Undefined index: postcatenow D:\WWW\setphp\Application\Runtime\Cache\f2bc43727fefbd094e1883db5c040cc79808e622.file.nav.html.php 第 35 行.
NOTIC: [8] Trying to get property of non-object D:\WWW\setphp\Application\Runtime\Cache\f2bc43727fefbd094e1883db5c040cc79808e622.file.nav.html.php 第 35 行.
NOTIC: [8] Undefined index: postcatenow D:\WWW\setphp\Application\Runtime\Cache\22531f2ee997d35d5028b4cbad2a6f7440e4f831.file.postall.html.php 第 50 行.
NOTIC: [8] Trying to get property of non-object D:\WWW\setphp\Application\Runtime\Cache\22531f2ee997d35d5028b4cbad2a6f7440e4f831.file.postall.html.php 第 50 行.
NOTIC: [8] Undefined index: pid D:\WWW\setphp\Application\Runtime\Cache\22531f2ee997d35d5028b4cbad2a6f7440e4f831.file.postall.html.php 第 101 行.
NOTIC: [8] Undefined index: pid D:\WWW\setphp\Application\Runtime\Cache\22531f2ee997d35d5028b4cbad2a6f7440e4f831.file.postall.html.php 第 101 行.
NOTIC: [8] Undefined index: pid D:\WWW\setphp\Application\Runtime\Cache\22531f2ee997d35d5028b4cbad2a6f7440e4f831.file.postall.html.php 第 101 行.
NOTIC: [8] Undefined index: pid D:\WWW\setphp\Application\Runtime\Cache\22531f2ee997d35d5028b4cbad2a6f7440e4f831.file.postall.html.php 第 101 行.
NOTIC: [8] Undefined index: pid D:\WWW\setphp\Application\Runtime\Cache\22531f2ee997d35d5028b4cbad2a6f7440e4f831.file.postall.html.php 第 101 行.
INFO: Run Behavior\ParseTemplateBehavior [ RunTime:0.013085s ]
INFO: [ view_parse ] --END-- [ RunTime:0.013155s ]
INFO: [ view_filter ] --START--
INFO: Run Behavior\WriteHtmlCacheBehavior [ RunTime:0.000549s ]
INFO: [ view_filter ] --END-- [ RunTime:0.000612s ]
INFO: [ app_end ] --START--
INFO: Run Behavior\ShowPageTraceBehavior [ RunTime:0.000789s ]
INFO: [ app_end ] --END-- [ RunTime:0.000853s ]

[ 2015-12-02T18:03:41+08:00 ] 127.0.0.1 /Admin/Index/postcate
INFO: [ app_init ] --START--
INFO: Run Behavior\BuildLiteBehavior [ RunTime:0.000016s ]
INFO: [ app_init ] --END-- [ RunTime:0.000554s ]
INFO: [ app_begin ] --START--
INFO: Run Behavior\ReadHtmlCacheBehavior [ RunTime:0.000618s ]
INFO: [ app_begin ] --END-- [ RunTime:0.000675s ]
SQL: SHOW COLUMNS FROM `set_postcate` [ RunTime:0.0185s ]
SQL: SELECT * FROM `set_postcate` ORDER BY sort asc  [ RunTime:0.0003s ]
INFO: [ view_parse ] --START--
NOTIC: [8] Undefined index: postcatenow D:\WWW\setphp\Application\Runtime\Cache\f2bc43727fefbd094e1883db5c040cc79808e622.file.nav.html.php 第 35 行.
NOTIC: [8] Trying to get property of non-object D:\WWW\setphp\Application\Runtime\Cache\f2bc43727fefbd094e1883db5c040cc79808e622.file.nav.html.php 第 35 行.
INFO: Run Behavior\ParseTemplateBehavior [ RunTime:0.012926s ]
INFO: [ view_parse ] --END-- [ RunTime:0.012995s ]
INFO: [ view_filter ] --START--
INFO: Run Behavior\WriteHtmlCacheBehavior [ RunTime:0.000483s ]
INFO: [ view_filter ] --END-- [ RunTime:0.000535s ]
INFO: [ app_end ] --START--
INFO: Run Behavior\ShowPageTraceBehavior [ RunTime:0.000690s ]
INFO: [ app_end ] --END-- [ RunTime:0.000744s ]

[ 2015-12-02T18:03:45+08:00 ] 127.0.0.1 /Admin/Index/menuli
INFO: [ app_init ] --START--
INFO: Run Behavior\BuildLiteBehavior [ RunTime:0.000017s ]
INFO: [ app_init ] --END-- [ RunTime:0.000578s ]
INFO: [ app_begin ] --START--
INFO: Run Behavior\ReadHtmlCacheBehavior [ RunTime:0.000631s ]
INFO: [ app_begin ] --END-- [ RunTime:0.000694s ]
SQL: SHOW COLUMNS FROM `set_menucate` [ RunTime:0.0259s ]
SQL: SHOW COLUMNS FROM `set_menu` [ RunTime:0.0140s ]
SQL: SELECT * FROM `set_menucate` WHERE `id` = 1 LIMIT 1   [ RunTime:0.0003s ]
SQL: SELECT * FROM `set_menucate` ORDER BY id desc  [ RunTime:0.0002s ]
SQL: SELECT * FROM `set_menu` WHERE `cid` = 1 ORDER BY sort asc  [ RunTime:0.0002s ]
SQL: SELECT * FROM `set_menucate` WHERE `id` = 1 LIMIT 1   [ RunTime:0.0002s ]
SQL: SELECT * FROM `set_menucate` WHERE `id` = 1 LIMIT 1   [ RunTime:0.0002s ]
INFO: [ view_parse ] --START--
NOTIC: [8] Undefined index: postcatenow D:\WWW\setphp\Application\Runtime\Cache\f2bc43727fefbd094e1883db5c040cc79808e622.file.nav.html.php 第 35 行.
NOTIC: [8] Trying to get property of non-object D:\WWW\setphp\Application\Runtime\Cache\f2bc43727fefbd094e1883db5c040cc79808e622.file.nav.html.php 第 35 行.
NOTIC: [8] Undefined index: cid D:\WWW\setphp\Application\Runtime\Cache\e53e96ad1d8f36becd4cea4f940caa679cc894b9.file.menuli.html.php 第 95 行.
NOTIC: [8] Undefined index: cid D:\WWW\setphp\Application\Runtime\Cache\e53e96ad1d8f36becd4cea4f940caa679cc894b9.file.menuli.html.php 第 132 行.
INFO: Run Behavior\ParseTemplateBehavior [ RunTime:0.012137s ]
INFO: [ view_parse ] --END-- [ RunTime:0.012200s ]
INFO: [ view_filter ] --START--
INFO: Run Behavior\WriteHtmlCacheBehavior [ RunTime:0.000505s ]
INFO: [ view_filter ] --END-- [ RunTime:0.000558s ]
INFO: [ app_end ] --START--
INFO: Run Behavior\ShowPageTraceBehavior [ RunTime:0.000695s ]
INFO: [ app_end ] --END-- [ RunTime:0.000749s ]

[ 2015-12-02T18:05:44+08:00 ] 127.0.0.1 /Admin/Index/menuadd
INFO: [ app_init ] --START--
INFO: Run Behavior\BuildLiteBehavior [ RunTime:0.000018s ]
INFO: [ app_init ] --END-- [ RunTime:0.000669s ]
INFO: [ app_begin ] --START--
INFO: Run Behavior\ReadHtmlCacheBehavior [ RunTime:0.000742s ]
INFO: [ app_begin ] --END-- [ RunTime:0.000816s ]
SQL: SHOW COLUMNS FROM `set_menucate` [ RunTime:0.0141s ]
SQL: SELECT * FROM `set_menucate` ORDER BY id desc  [ RunTime:0.0003s ]
SQL: SELECT * FROM `set_menucate` WHERE `id` = 1 LIMIT 1   [ RunTime:0.0002s ]
INFO: [ view_parse ] --START--
NOTIC: [8] Undefined index: postcatenow D:\WWW\setphp\Application\Runtime\Cache\f2bc43727fefbd094e1883db5c040cc79808e622.file.nav.html.php 第 35 行.
NOTIC: [8] Trying to get property of non-object D:\WWW\setphp\Application\Runtime\Cache\f2bc43727fefbd094e1883db5c040cc79808e622.file.nav.html.php 第 35 行.
INFO: Run Behavior\ParseTemplateBehavior [ RunTime:0.031093s ]
INFO: [ view_parse ] --END-- [ RunTime:0.031156s ]
INFO: [ view_filter ] --START--
INFO: Run Behavior\WriteHtmlCacheBehavior [ RunTime:0.000524s ]
INFO: [ view_filter ] --END-- [ RunTime:0.000571s ]
INFO: [ app_end ] --START--
INFO: Run Behavior\ShowPageTraceBehavior [ RunTime:0.000697s ]
INFO: [ app_end ] --END-- [ RunTime:0.000748s ]

[ 2015-12-02T18:05:46+08:00 ] 127.0.0.1 /Admin/Index/menucate
INFO: [ app_init ] --START--
INFO: Run Behavior\BuildLiteBehavior [ RunTime:0.000016s ]
INFO: [ app_init ] --END-- [ RunTime:0.000554s ]
INFO: [ app_begin ] --START--
INFO: Run Behavior\ReadHtmlCacheBehavior [ RunTime:0.000635s ]
INFO: [ app_begin ] --END-- [ RunTime:0.000698s ]
SQL: SHOW COLUMNS FROM `set_menucate` [ RunTime:0.0232s ]
SQL: SELECT * FROM `set_menucate` ORDER BY id desc  [ RunTime:0.0003s ]
INFO: [ view_parse ] --START--
NOTIC: [8] Undefined index: postcatenow D:\WWW\setphp\Application\Runtime\Cache\f2bc43727fefbd094e1883db5c040cc79808e622.file.nav.html.php 第 35 行.
NOTIC: [8] Trying to get property of non-object D:\WWW\setphp\Application\Runtime\Cache\f2bc43727fefbd094e1883db5c040cc79808e622.file.nav.html.php 第 35 行.
INFO: Run Behavior\ParseTemplateBehavior [ RunTime:0.034954s ]
INFO: [ view_parse ] --END-- [ RunTime:0.035019s ]
INFO: [ view_filter ] --START--
INFO: Run Behavior\WriteHtmlCacheBehavior [ RunTime:0.000455s ]
INFO: [ view_filter ] --END-- [ RunTime:0.000504s ]
INFO: [ app_end ] --START--
INFO: Run Behavior\ShowPageTraceBehavior [ RunTime:0.000645s ]
INFO: [ app_end ] --END-- [ RunTime:0.000699s ]

[ 2015-12-02T18:05:48+08:00 ] 127.0.0.1 /Admin/Index/userli
INFO: [ app_init ] --START--
INFO: Run Behavior\BuildLiteBehavior [ RunTime:0.000017s ]
INFO: [ app_init ] --END-- [ RunTime:0.000560s ]
INFO: [ app_begin ] --START--
INFO: Run Behavior\ReadHtmlCacheBehavior [ RunTime:0.000727s ]
INFO: [ app_begin ] --END-- [ RunTime:0.000791s ]
SQL: SHOW COLUMNS FROM `set_users` [ RunTime:0.0644s ]
SQL: SELECT COUNT(*) AS tp_count FROM `set_users` LIMIT 1   [ RunTime:0.0002s ]
SQL: SELECT * FROM `set_users` ORDER BY id desc LIMIT 0,5   [ RunTime:0.0003s ]
INFO: [ view_parse ] --START--
NOTIC: [8] Undefined index: postcatenow D:\WWW\setphp\Application\Runtime\Cache\f2bc43727fefbd094e1883db5c040cc79808e622.file.nav.html.php 第 35 行.
NOTIC: [8] Trying to get property of non-object D:\WWW\setphp\Application\Runtime\Cache\f2bc43727fefbd094e1883db5c040cc79808e622.file.nav.html.php 第 35 行.
INFO: Run Behavior\ParseTemplateBehavior [ RunTime:0.024351s ]
INFO: [ view_parse ] --END-- [ RunTime:0.024416s ]
INFO: [ view_filter ] --START--
INFO: Run Behavior\WriteHtmlCacheBehavior [ RunTime:0.000440s ]
INFO: [ view_filter ] --END-- [ RunTime:0.000486s ]
INFO: [ app_end ] --START--
INFO: Run Behavior\ShowPageTraceBehavior [ RunTime:0.000660s ]
INFO: [ app_end ] --END-- [ RunTime:0.000713s ]

[ 2015-12-02T18:05:51+08:00 ] 127.0.0.1 /Admin/Index/userli/p/2
INFO: [ app_init ] --START--
INFO: Run Behavior\BuildLiteBehavior [ RunTime:0.000017s ]
INFO: [ app_init ] --END-- [ RunTime:0.000566s ]
INFO: [ app_begin ] --START--
INFO: Run Behavior\ReadHtmlCacheBehavior [ RunTime:0.000702s ]
INFO: [ app_begin ] --END-- [ RunTime:0.000769s ]
SQL: SHOW COLUMNS FROM `set_users` [ RunTime:0.0263s ]
SQL: SELECT COUNT(*) AS tp_count FROM `set_users` LIMIT 1   [ RunTime:0.0002s ]
SQL: SELECT * FROM `set_users` ORDER BY id desc LIMIT 5,5   [ RunTime:0.0004s ]
INFO: [ view_parse ] --START--
NOTIC: [8] Undefined index: postcatenow D:\WWW\setphp\Application\Runtime\Cache\f2bc43727fefbd094e1883db5c040cc79808e622.file.nav.html.php 第 35 行.
NOTIC: [8] Trying to get property of non-object D:\WWW\setphp\Application\Runtime\Cache\f2bc43727fefbd094e1883db5c040cc79808e622.file.nav.html.php 第 35 行.
INFO: Run Behavior\ParseTemplateBehavior [ RunTime:0.012161s ]
INFO: [ view_parse ] --END-- [ RunTime:0.012229s ]
INFO: [ view_filter ] --START--
INFO: Run Behavior\WriteHtmlCacheBehavior [ RunTime:0.000457s ]
INFO: [ view_filter ] --END-- [ RunTime:0.000508s ]
INFO: [ app_end ] --START--
INFO: Run Behavior\ShowPageTraceBehavior [ RunTime:0.000626s ]
INFO: [ app_end ] --END-- [ RunTime:0.000677s ]

[ 2015-12-02T18:06:34+08:00 ] 127.0.0.1 /Admin/Index/index
INFO: [ app_init ] --START--
INFO: Run Behavior\BuildLiteBehavior [ RunTime:0.000018s ]
INFO: [ app_init ] --END-- [ RunTime:0.000569s ]
INFO: [ app_begin ] --START--
INFO: Run Behavior\ReadHtmlCacheBehavior [ RunTime:0.000724s ]
INFO: [ app_begin ] --END-- [ RunTime:0.000800s ]
INFO: [ view_parse ] --START--
NOTIC: [8] Undefined index: navSelectNo D:\WWW\setphp\Application\Runtime\Cache\3cc56294fa921d59d313d7e4a05194cfbe1f4251.file.header.html.php 第 38 行.
NOTIC: [8] Trying to get property of non-object D:\WWW\setphp\Application\Runtime\Cache\3cc56294fa921d59d313d7e4a05194cfbe1f4251.file.header.html.php 第 38 行.
NOTIC: [8] Undefined index: postcatenow D:\WWW\setphp\Application\Runtime\Cache\f2bc43727fefbd094e1883db5c040cc79808e622.file.nav.html.php 第 35 行.
NOTIC: [8] Trying to get property of non-object D:\WWW\setphp\Application\Runtime\Cache\f2bc43727fefbd094e1883db5c040cc79808e622.file.nav.html.php 第 35 行.
INFO: Run Behavior\ParseTemplateBehavior [ RunTime:0.027739s ]
INFO: [ view_parse ] --END-- [ RunTime:0.027810s ]
INFO: [ view_filter ] --START--
INFO: Run Behavior\WriteHtmlCacheBehavior [ RunTime:0.000453s ]
INFO: [ view_filter ] --END-- [ RunTime:0.000501s ]
INFO: [ app_end ] --START--
INFO: Run Behavior\ShowPageTraceBehavior [ RunTime:0.000636s ]
INFO: [ app_end ] --END-- [ RunTime:0.000686s ]

[ 2015-12-02T18:06:52+08:00 ] 127.0.0.1 /Admin/Index/postall
INFO: [ app_init ] --START--
INFO: Run Behavior\BuildLiteBehavior [ RunTime:0.000017s ]
INFO: [ app_init ] --END-- [ RunTime:0.000609s ]
INFO: [ app_begin ] --START--
INFO: Run Behavior\ReadHtmlCacheBehavior [ RunTime:0.000741s ]
INFO: [ app_begin ] --END-- [ RunTime:0.000812s ]
SQL: SHOW COLUMNS FROM `set_postcate` [ RunTime:0.0142s ]
SQL: SHOW COLUMNS FROM `set_posts` [ RunTime:0.0140s ]
SQL: SELECT COUNT(*) AS tp_count FROM `set_posts` WHERE `empty` = 0 LIMIT 1   [ RunTime:0.0003s ]
SQL: SELECT * FROM `set_posts` WHERE `empty` = 0 ORDER BY id desc LIMIT 0,5   [ RunTime:0.0003s ]
SQL: SELECT * FROM `set_postcate` WHERE `id` = 2 LIMIT 1   [ RunTime:0.0002s ]
SQL: SELECT * FROM `set_postcate` WHERE `id` = 2 LIMIT 1   [ RunTime:0.0002s ]
SQL: SELECT * FROM `set_postcate` WHERE `id` = 1 LIMIT 1   [ RunTime:0.0002s ]
SQL: SELECT * FROM `set_postcate` WHERE `id` = 1 LIMIT 1   [ RunTime:0.0002s ]
SQL: SELECT * FROM `set_postcate` WHERE `id` = 1 LIMIT 1   [ RunTime:0.0002s ]
SQL: SELECT * FROM `set_postcate` ORDER BY sort asc  [ RunTime:0.0002s ]
INFO: [ view_parse ] --START--
NOTIC: [8] Undefined index: postcatenow D:\WWW\setphp\Application\Runtime\Cache\f2bc43727fefbd094e1883db5c040cc79808e622.file.nav.html.php 第 35 行.
NOTIC: [8] Trying to get property of non-object D:\WWW\setphp\Application\Runtime\Cache\f2bc43727fefbd094e1883db5c040cc79808e622.file.nav.html.php 第 35 行.
NOTIC: [8] Undefined index: postcatenow D:\WWW\setphp\Application\Runtime\Cache\22531f2ee997d35d5028b4cbad2a6f7440e4f831.file.postall.html.php 第 50 行.
NOTIC: [8] Trying to get property of non-object D:\WWW\setphp\Application\Runtime\Cache\22531f2ee997d35d5028b4cbad2a6f7440e4f831.file.postall.html.php 第 50 行.
NOTIC: [8] Undefined index: pid D:\WWW\setphp\Application\Runtime\Cache\22531f2ee997d35d5028b4cbad2a6f7440e4f831.file.postall.html.php 第 101 行.
NOTIC: [8] Undefined index: pid D:\WWW\setphp\Application\Runtime\Cache\22531f2ee997d35d5028b4cbad2a6f7440e4f831.file.postall.html.php 第 101 行.
NOTIC: [8] Undefined index: pid D:\WWW\setphp\Application\Runtime\Cache\22531f2ee997d35d5028b4cbad2a6f7440e4f831.file.postall.html.php 第 101 行.
NOTIC: [8] Undefined index: pid D:\WWW\setphp\Application\Runtime\Cache\22531f2ee997d35d5028b4cbad2a6f7440e4f831.file.postall.html.php 第 101 行.
NOTIC: [8] Undefined index: pid D:\WWW\setphp\Application\Runtime\Cache\22531f2ee997d35d5028b4cbad2a6f7440e4f831.file.postall.html.php 第 101 行.
INFO: Run Behavior\ParseTemplateBehavior [ RunTime:0.012690s ]
INFO: [ view_parse ] --END-- [ RunTime:0.012754s ]
INFO: [ view_filter ] --START--
INFO: Run Behavior\WriteHtmlCacheBehavior [ RunTime:0.000456s ]
INFO: [ view_filter ] --END-- [ RunTime:0.000508s ]
INFO: [ app_end ] --START--
INFO: Run Behavior\ShowPageTraceBehavior [ RunTime:0.000645s ]
INFO: [ app_end ] --END-- [ RunTime:0.000700s ]

[ 2015-12-02T18:06:54+08:00 ] 127.0.0.1 /Admin/Index/postcate
INFO: [ app_init ] --START--
INFO: Run Behavior\BuildLiteBehavior [ RunTime:0.000015s ]
INFO: [ app_init ] --END-- [ RunTime:0.000562s ]
INFO: [ app_begin ] --START--
INFO: Run Behavior\ReadHtmlCacheBehavior [ RunTime:0.000622s ]
INFO: [ app_begin ] --END-- [ RunTime:0.000673s ]
SQL: SHOW COLUMNS FROM `set_postcate` [ RunTime:0.0312s ]
SQL: SELECT * FROM `set_postcate` ORDER BY sort asc  [ RunTime:0.0003s ]
INFO: [ view_parse ] --START--
NOTIC: [8] Undefined index: postcatenow D:\WWW\setphp\Application\Runtime\Cache\f2bc43727fefbd094e1883db5c040cc79808e622.file.nav.html.php 第 35 行.
NOTIC: [8] Trying to get property of non-object D:\WWW\setphp\Application\Runtime\Cache\f2bc43727fefbd094e1883db5c040cc79808e622.file.nav.html.php 第 35 行.
INFO: Run Behavior\ParseTemplateBehavior [ RunTime:0.012195s ]
INFO: [ view_parse ] --END-- [ RunTime:0.012259s ]
INFO: [ view_filter ] --START--
INFO: Run Behavior\WriteHtmlCacheBehavior [ RunTime:0.000448s ]
INFO: [ view_filter ] --END-- [ RunTime:0.000497s ]
INFO: [ app_end ] --START--
INFO: Run Behavior\ShowPageTraceBehavior [ RunTime:0.000642s ]
INFO: [ app_end ] --END-- [ RunTime:0.000690s ]

[ 2015-12-02T18:06:57+08:00 ] 127.0.0.1 /Admin/Index/menuadd
INFO: [ app_init ] --START--
INFO: Run Behavior\BuildLiteBehavior [ RunTime:0.000018s ]
INFO: [ app_init ] --END-- [ RunTime:0.000581s ]
INFO: [ app_begin ] --START--
INFO: Run Behavior\ReadHtmlCacheBehavior [ RunTime:0.000726s ]
INFO: [ app_begin ] --END-- [ RunTime:0.000824s ]
SQL: SHOW COLUMNS FROM `set_menucate` [ RunTime:0.0172s ]
SQL: SELECT * FROM `set_menucate` ORDER BY id desc  [ RunTime:0.0002s ]
SQL: SELECT * FROM `set_menucate` WHERE `id` = 1 LIMIT 1   [ RunTime:0.0002s ]
INFO: [ view_parse ] --START--
NOTIC: [8] Undefined index: postcatenow D:\WWW\setphp\Application\Runtime\Cache\f2bc43727fefbd094e1883db5c040cc79808e622.file.nav.html.php 第 35 行.
NOTIC: [8] Trying to get property of non-object D:\WWW\setphp\Application\Runtime\Cache\f2bc43727fefbd094e1883db5c040cc79808e622.file.nav.html.php 第 35 行.
INFO: Run Behavior\ParseTemplateBehavior [ RunTime:0.011942s ]
INFO: [ view_parse ] --END-- [ RunTime:0.012006s ]
INFO: [ view_filter ] --START--
INFO: Run Behavior\WriteHtmlCacheBehavior [ RunTime:0.000463s ]
INFO: [ view_filter ] --END-- [ RunTime:0.000509s ]
INFO: [ app_end ] --START--
INFO: Run Behavior\ShowPageTraceBehavior [ RunTime:0.000617s ]
INFO: [ app_end ] --END-- [ RunTime:0.000667s ]

[ 2015-12-02T18:06:58+08:00 ] 127.0.0.1 /Admin/Index/menucate
INFO: [ app_init ] --START--
INFO: Run Behavior\BuildLiteBehavior [ RunTime:0.000018s ]
INFO: [ app_init ] --END-- [ RunTime:0.000596s ]
INFO: [ app_begin ] --START--
INFO: Run Behavior\ReadHtmlCacheBehavior [ RunTime:0.000667s ]
INFO: [ app_begin ] --END-- [ RunTime:0.000734s ]
SQL: SHOW COLUMNS FROM `set_menucate` [ RunTime:0.0267s ]
SQL: SELECT * FROM `set_menucate` ORDER BY id desc  [ RunTime:0.0003s ]
INFO: [ view_parse ] --START--
NOTIC: [8] Undefined index: postcatenow D:\WWW\setphp\Application\Runtime\Cache\f2bc43727fefbd094e1883db5c040cc79808e622.file.nav.html.php 第 35 行.
NOTIC: [8] Trying to get property of non-object D:\WWW\setphp\Application\Runtime\Cache\f2bc43727fefbd094e1883db5c040cc79808e622.file.nav.html.php 第 35 行.
INFO: Run Behavior\ParseTemplateBehavior [ RunTime:0.012616s ]
INFO: [ view_parse ] --END-- [ RunTime:0.012680s ]
INFO: [ view_filter ] --START--
INFO: Run Behavior\WriteHtmlCacheBehavior [ RunTime:0.000450s ]
INFO: [ view_filter ] --END-- [ RunTime:0.000497s ]
INFO: [ app_end ] --START--
INFO: Run Behavior\ShowPageTraceBehavior [ RunTime:0.000636s ]
INFO: [ app_end ] --END-- [ RunTime:0.000686s ]

[ 2015-12-02T18:07:02+08:00 ] 127.0.0.1 /Admin/Index/userli
INFO: [ app_init ] --START--
INFO: Run Behavior\BuildLiteBehavior [ RunTime:0.000018s ]
INFO: [ app_init ] --END-- [ RunTime:0.000584s ]
INFO: [ app_begin ] --START--
INFO: Run Behavior\ReadHtmlCacheBehavior [ RunTime:0.000742s ]
INFO: [ app_begin ] --END-- [ RunTime:0.000811s ]
SQL: SHOW COLUMNS FROM `set_users` [ RunTime:0.0114s ]
SQL: SELECT COUNT(*) AS tp_count FROM `set_users` LIMIT 1   [ RunTime:0.0002s ]
SQL: SELECT * FROM `set_users` ORDER BY id desc LIMIT 0,5   [ RunTime:0.0003s ]
INFO: [ view_parse ] --START--
NOTIC: [8] Undefined index: postcatenow D:\WWW\setphp\Application\Runtime\Cache\f2bc43727fefbd094e1883db5c040cc79808e622.file.nav.html.php 第 35 行.
NOTIC: [8] Trying to get property of non-object D:\WWW\setphp\Application\Runtime\Cache\f2bc43727fefbd094e1883db5c040cc79808e622.file.nav.html.php 第 35 行.
INFO: Run Behavior\ParseTemplateBehavior [ RunTime:0.012397s ]
INFO: [ view_parse ] --END-- [ RunTime:0.012456s ]
INFO: [ view_filter ] --START--
INFO: Run Behavior\WriteHtmlCacheBehavior [ RunTime:0.000450s ]
INFO: [ view_filter ] --END-- [ RunTime:0.000499s ]
INFO: [ app_end ] --START--
INFO: Run Behavior\ShowPageTraceBehavior [ RunTime:0.000633s ]
INFO: [ app_end ] --END-- [ RunTime:0.000684s ]

[ 2015-12-02T18:07:03+08:00 ] 127.0.0.1 /Admin/Index/useradd
INFO: [ app_init ] --START--
INFO: Run Behavior\BuildLiteBehavior [ RunTime:0.000020s ]
INFO: [ app_init ] --END-- [ RunTime:0.000587s ]
INFO: [ app_begin ] --START--
INFO: Run Behavior\ReadHtmlCacheBehavior [ RunTime:0.000730s ]
INFO: [ app_begin ] --END-- [ RunTime:0.000815s ]
INFO: [ view_parse ] --START--
NOTIC: [8] Undefined index: postcatenow D:\WWW\setphp\Application\Runtime\Cache\f2bc43727fefbd094e1883db5c040cc79808e622.file.nav.html.php 第 35 行.
NOTIC: [8] Trying to get property of non-object D:\WWW\setphp\Application\Runtime\Cache\f2bc43727fefbd094e1883db5c040cc79808e622.file.nav.html.php 第 35 行.
INFO: Run Behavior\ParseTemplateBehavior [ RunTime:0.024253s ]
INFO: [ view_parse ] --END-- [ RunTime:0.024319s ]
INFO: [ view_filter ] --START--
INFO: Run Behavior\WriteHtmlCacheBehavior [ RunTime:0.000444s ]
INFO: [ view_filter ] --END-- [ RunTime:0.000490s ]
INFO: [ app_end ] --START--
INFO: Run Behavior\ShowPageTraceBehavior [ RunTime:0.000615s ]
INFO: [ app_end ] --END-- [ RunTime:0.000664s ]

