[ 2015-12-03T14:34:49+08:00 ] 127.0.0.1 /admin
INFO: [ app_init ] --START--
INFO: Run Behavior\BuildLiteBehavior [ RunTime:0.000020s ]
INFO: [ app_init ] --END-- [ RunTime:0.001612s ]
INFO: [ app_begin ] --START--
INFO: Run Behavior\ReadHtmlCacheBehavior [ RunTime:0.001680s ]
INFO: [ app_begin ] --END-- [ RunTime:0.001757s ]
INFO: [ view_parse ] --START--
NOTIC: [8] Undefined index: navSelectNo D:\WWW\setphp\Application\Runtime\Cache\3cc56294fa921d59d313d7e4a05194cfbe1f4251.file.header.html.php 第 38 行.
NOTIC: [8] Trying to get property of non-object D:\WWW\setphp\Application\Runtime\Cache\3cc56294fa921d59d313d7e4a05194cfbe1f4251.file.header.html.php 第 38 行.
NOTIC: [8] Undefined index: postcatenow D:\WWW\setphp\Application\Runtime\Cache\f2bc43727fefbd094e1883db5c040cc79808e622.file.nav.html.php 第 35 行.
NOTIC: [8] Trying to get property of non-object D:\WWW\setphp\Application\Runtime\Cache\f2bc43727fefbd094e1883db5c040cc79808e622.file.nav.html.php 第 35 行.
INFO: Run Behavior\ParseTemplateBehavior [ RunTime:0.084326s ]
INFO: [ view_parse ] --END-- [ RunTime:0.084410s ]
INFO: [ view_filter ] --START--
INFO: Run Behavior\WriteHtmlCacheBehavior [ RunTime:0.001330s ]
INFO: [ view_filter ] --END-- [ RunTime:0.001385s ]
INFO: [ app_end ] --START--
INFO: Run Behavior\ShowPageTraceBehavior [ RunTime:0.001466s ]
INFO: [ app_end ] --END-- [ RunTime:0.001525s ]

[ 2015-12-03T14:34:55+08:00 ] 127.0.0.1 /Admin/Index/menuli
INFO: [ app_init ] --START--
INFO: Run Behavior\BuildLiteBehavior [ RunTime:0.000018s ]
INFO: [ app_init ] --END-- [ RunTime:0.000592s ]
INFO: [ app_begin ] --START--
INFO: Run Behavior\ReadHtmlCacheBehavior [ RunTime:0.000709s ]
INFO: [ app_begin ] --END-- [ RunTime:0.000780s ]
SQL: SHOW COLUMNS FROM `set_menucate` [ RunTime:0.0270s ]
SQL: SHOW COLUMNS FROM `set_menu` [ RunTime:0.0418s ]
SQL: SELECT * FROM `set_menucate` WHERE `id` = 1 LIMIT 1   [ RunTime:0.0005s ]
SQL: SELECT * FROM `set_menucate` ORDER BY id desc  [ RunTime:0.0002s ]
SQL: SELECT * FROM `set_menu` WHERE `cid` = 1 ORDER BY sort asc  [ RunTime:0.0003s ]
SQL: SELECT * FROM `set_menucate` WHERE `id` = 1 LIMIT 1   [ RunTime:0.0002s ]
SQL: SELECT * FROM `set_menucate` WHERE `id` = 1 LIMIT 1   [ RunTime:0.0002s ]
INFO: [ view_parse ] --START--
NOTIC: [8] Undefined index: postcatenow D:\WWW\setphp\Application\Runtime\Cache\f2bc43727fefbd094e1883db5c040cc79808e622.file.nav.html.php 第 35 行.
NOTIC: [8] Trying to get property of non-object D:\WWW\setphp\Application\Runtime\Cache\f2bc43727fefbd094e1883db5c040cc79808e622.file.nav.html.php 第 35 行.
NOTIC: [8] Undefined index: cid D:\WWW\setphp\Application\Runtime\Cache\e53e96ad1d8f36becd4cea4f940caa679cc894b9.file.menuli.html.php 第 95 行.
NOTIC: [8] Undefined index: cid D:\WWW\setphp\Application\Runtime\Cache\e53e96ad1d8f36becd4cea4f940caa679cc894b9.file.menuli.html.php 第 132 行.
INFO: Run Behavior\ParseTemplateBehavior [ RunTime:0.061971s ]
INFO: [ view_parse ] --END-- [ RunTime:0.062041s ]
INFO: [ view_filter ] --START--
INFO: Run Behavior\WriteHtmlCacheBehavior [ RunTime:0.000451s ]
INFO: [ view_filter ] --END-- [ RunTime:0.000496s ]
INFO: [ app_end ] --START--
INFO: Run Behavior\ShowPageTraceBehavior [ RunTime:0.000676s ]
INFO: [ app_end ] --END-- [ RunTime:0.000727s ]

[ 2015-12-03T14:38:30+08:00 ] 127.0.0.1 /Admin/Index/userli
INFO: [ app_init ] --START--
INFO: Run Behavior\BuildLiteBehavior [ RunTime:0.000017s ]
INFO: [ app_init ] --END-- [ RunTime:0.000658s ]
INFO: [ app_begin ] --START--
INFO: Run Behavior\ReadHtmlCacheBehavior [ RunTime:0.000741s ]
INFO: [ app_begin ] --END-- [ RunTime:0.000805s ]
SQL: SHOW COLUMNS FROM `set_users` [ RunTime:0.1702s ]
SQL: SELECT COUNT(*) AS tp_count FROM `set_users` LIMIT 1   [ RunTime:0.0003s ]
SQL: SELECT * FROM `set_users` ORDER BY id desc LIMIT 0,5   [ RunTime:0.0005s ]
INFO: [ view_parse ] --START--
NOTIC: [8] Undefined index: postcatenow D:\WWW\setphp\Application\Runtime\Cache\f2bc43727fefbd094e1883db5c040cc79808e622.file.nav.html.php 第 35 行.
NOTIC: [8] Trying to get property of non-object D:\WWW\setphp\Application\Runtime\Cache\f2bc43727fefbd094e1883db5c040cc79808e622.file.nav.html.php 第 35 行.
INFO: Run Behavior\ParseTemplateBehavior [ RunTime:0.030950s ]
INFO: [ view_parse ] --END-- [ RunTime:0.031022s ]
INFO: [ view_filter ] --START--
INFO: Run Behavior\WriteHtmlCacheBehavior [ RunTime:0.000574s ]
INFO: [ view_filter ] --END-- [ RunTime:0.000626s ]
INFO: [ app_end ] --START--
INFO: Run Behavior\ShowPageTraceBehavior [ RunTime:0.000761s ]
INFO: [ app_end ] --END-- [ RunTime:0.000814s ]

[ 2015-12-03T14:38:37+08:00 ] 127.0.0.1 /Admin/Index/postadd
INFO: [ app_init ] --START--
INFO: Run Behavior\BuildLiteBehavior [ RunTime:0.000017s ]
INFO: [ app_init ] --END-- [ RunTime:0.000574s ]
INFO: [ app_begin ] --START--
INFO: Run Behavior\ReadHtmlCacheBehavior [ RunTime:0.000676s ]
INFO: [ app_begin ] --END-- [ RunTime:0.000736s ]
SQL: SHOW COLUMNS FROM `set_postcate` [ RunTime:0.0710s ]
SQL: SELECT * FROM `set_postcate` ORDER BY sort asc  [ RunTime:0.0004s ]
INFO: [ view_parse ] --START--
NOTIC: [8] Undefined index: postcatenow D:\WWW\setphp\Application\Runtime\Cache\f2bc43727fefbd094e1883db5c040cc79808e622.file.nav.html.php 第 35 行.
NOTIC: [8] Trying to get property of non-object D:\WWW\setphp\Application\Runtime\Cache\f2bc43727fefbd094e1883db5c040cc79808e622.file.nav.html.php 第 35 行.
NOTIC: [8] Undefined index: postcatenow D:\WWW\setphp\Application\Runtime\Cache\0cf8a692dce51661a585201180a5ddb5966c85aa.file.postadd.html.php 第 48 行.
NOTIC: [8] Trying to get property of non-object D:\WWW\setphp\Application\Runtime\Cache\0cf8a692dce51661a585201180a5ddb5966c85aa.file.postadd.html.php 第 48 行.
INFO: Run Behavior\ParseTemplateBehavior [ RunTime:0.062388s ]
INFO: [ view_parse ] --END-- [ RunTime:0.062468s ]
INFO: [ view_filter ] --START--
INFO: Run Behavior\WriteHtmlCacheBehavior [ RunTime:0.000508s ]
INFO: [ view_filter ] --END-- [ RunTime:0.000578s ]
INFO: [ app_end ] --START--
INFO: Run Behavior\ShowPageTraceBehavior [ RunTime:0.000768s ]
INFO: [ app_end ] --END-- [ RunTime:0.000844s ]

[ 2015-12-03T14:38:40+08:00 ] 127.0.0.1 /Admin/Index/set
INFO: [ app_init ] --START--
INFO: Run Behavior\BuildLiteBehavior [ RunTime:0.000017s ]
INFO: [ app_init ] --END-- [ RunTime:0.000574s ]
INFO: [ app_begin ] --START--
INFO: Run Behavior\ReadHtmlCacheBehavior [ RunTime:0.000680s ]
INFO: [ app_begin ] --END-- [ RunTime:0.000743s ]
SQL: SHOW COLUMNS FROM `set_options` [ RunTime:0.0649s ]
SQL: SELECT * FROM `set_options`  [ RunTime:0.0003s ]
INFO: [ view_parse ] --START--
NOTIC: [8] Undefined index: postcatenow D:\WWW\setphp\Application\Runtime\Cache\f2bc43727fefbd094e1883db5c040cc79808e622.file.nav.html.php 第 35 行.
NOTIC: [8] Trying to get property of non-object D:\WWW\setphp\Application\Runtime\Cache\f2bc43727fefbd094e1883db5c040cc79808e622.file.nav.html.php 第 35 行.
INFO: Run Behavior\ParseTemplateBehavior [ RunTime:0.020555s ]
INFO: [ view_parse ] --END-- [ RunTime:0.020643s ]
INFO: [ view_filter ] --START--
INFO: Run Behavior\WriteHtmlCacheBehavior [ RunTime:0.000476s ]
INFO: [ view_filter ] --END-- [ RunTime:0.000528s ]
INFO: [ app_end ] --START--
INFO: Run Behavior\ShowPageTraceBehavior [ RunTime:0.000647s ]
INFO: [ app_end ] --END-- [ RunTime:0.000700s ]

